Base path: '/media/Data/Programme/Unity/2019.2.18f1/Editor/Data', plugins path '/media/Data/Programme/Unity/2019.2.18f1/Editor/Data/PlaybackEngines'
Cmd: initializeCompiler
Cmd: preprocessCompute
  insize=4847 outsize=4855 ok=1
Cmd: preprocessCompute
  insize=2053 outsize=2059 ok=1
Cmd: preprocessCompute
  insize=1170 outsize=1176 ok=1
Cmd: preprocessCompute
  insize=3064 outsize=3070 ok=1
Cmd: preprocessCompute
  insize=10871 outsize=10881 ok=1
Cmd: preprocessCompute
  insize=4847 outsize=4855 ok=1
Cmd: preprocessCompute
  insize=3390 outsize=3396 ok=1
Cmd: preprocessCompute
  insize=18277 outsize=18299 ok=1
Cmd: preprocessCompute
  insize=5431 outsize=5435 ok=1
Cmd: preprocessCompute
  insize=3066 outsize=3072 ok=1
Cmd: preprocessCompute
  insize=1800 outsize=1806 ok=1
Cmd: preprocessCompute
  insize=1448 outsize=1454 ok=1
Cmd: preprocessCompute
  insize=2038 outsize=2044 ok=1
Cmd: compileSnippet
  api=15 type=0 insize=934 outsize=2244 kw= pd=UNITY_ENABLE_REFLECTION_BUFFERS UNITY_USE_DITHER_MASK_FOR_ALPHABLENDED_SHADOWS UNITY_PBS_USE_BRDF1 UNITY_SPECCUBE_BOX_PROJECTION UNITY_SPECCUBE_BLENDING UNITY_ENABLE_DETAIL_NORMALMAP SHADER_API_DESKTOP UNITY_COLORSPACE_GAMMA UNITY_LIGHT_PROBE_PROXY_VOLUME UNITY_LIGHTMAP_FULL_HDR ok=1
Cmd: compileSnippet
  api=15 type=1 insize=934 outsize=0 kw= pd=UNITY_ENABLE_REFLECTION_BUFFERS UNITY_USE_DITHER_MASK_FOR_ALPHABLENDED_SHADOWS UNITY_PBS_USE_BRDF1 UNITY_SPECCUBE_BOX_PROJECTION UNITY_SPECCUBE_BLENDING UNITY_ENABLE_DETAIL_NORMALMAP SHADER_API_DESKTOP UNITY_COLORSPACE_GAMMA UNITY_LIGHT_PROBE_PROXY_VOLUME UNITY_LIGHTMAP_FULL_HDR ok=1
Cmd: preprocessCompute
  insize=2053 outsize=2059 ok=1
Cmd: preprocessCompute
  insize=1170 outsize=1176 ok=1
Cmd: preprocessCompute
  insize=3064 outsize=3070 ok=1
Cmd: preprocessCompute
  insize=10871 outsize=10881 ok=1
Cmd: preprocessCompute
  insize=4847 outsize=4855 ok=1
Cmd: preprocessCompute
  insize=3390 outsize=3396 ok=1
Cmd: preprocessCompute
  insize=18277 outsize=18299 ok=1
Cmd: preprocessCompute
  insize=5431 outsize=5435 ok=1
Cmd: preprocessCompute
  insize=3066 outsize=3072 ok=1
Cmd: preprocessCompute
  insize=1800 outsize=1806 ok=1
Cmd: preprocessCompute
  insize=1448 outsize=1454 ok=1
Cmd: preprocessCompute
  insize=2038 outsize=2044 ok=1
Cmd: preprocessCompute
  insize=2053 outsize=2059 ok=1
Cmd: preprocessCompute
  insize=1170 outsize=1176 ok=1
Cmd: preprocessCompute
  insize=3064 outsize=3070 ok=1
Cmd: preprocessCompute
  insize=10871 outsize=10881 ok=1
Cmd: preprocessCompute
  insize=4847 outsize=4855 ok=1
Cmd: preprocessCompute
  insize=3390 outsize=3396 ok=1
Cmd: preprocessCompute
  insize=18277 outsize=18299 ok=1
Cmd: preprocessCompute
  insize=5431 outsize=5435 ok=1
Cmd: preprocessCompute
  insize=3066 outsize=3072 ok=1
Cmd: preprocessCompute
  insize=1800 outsize=1806 ok=1
Cmd: preprocessCompute
  insize=1448 outsize=1454 ok=1
Cmd: preprocessCompute
  insize=2038 outsize=2044 ok=1
Cmd: compileSnippet
  api=15 type=0 insize=731 outsize=2426 kw= pd=UNITY_NO_DXT5nm UNITY_ENABLE_REFLECTION_BUFFERS UNITY_NO_CUBEMAP_ARRAY UNITY_NO_SCREENSPACE_SHADOWS UNITY_PBS_USE_BRDF2 SHADER_API_DESKTOP UNITY_HARDWARE_TIER3 UNITY_COLORSPACE_GAMMA UNITY_LIGHTMAP_DLDR_ENCODING ok=1
Cmd: compileSnippet
  api=15 type=1 insize=731 outsize=0 kw= pd=UNITY_NO_DXT5nm UNITY_ENABLE_REFLECTION_BUFFERS UNITY_NO_CUBEMAP_ARRAY UNITY_NO_SCREENSPACE_SHADOWS UNITY_PBS_USE_BRDF2 SHADER_API_DESKTOP UNITY_HARDWARE_TIER3 UNITY_COLORSPACE_GAMMA UNITY_LIGHTMAP_DLDR_ENCODING ok=1
Unhandled exception: Protocol error - unexpected end of data (did the Editor crash?)

Quitting shader compiler process
